listening on on port 9000
database connection established
listening on on port 9000
database connection established
listening on on port 9000
database connection established
listening on on port 9000
database connection established
listening on on port 9000
database connection established
listening on on port 9000
Error: querySrv ECONNREFUSED _mongodb._tcp.cluster0.3znig.mongodb.net
    at QueryReqWrap.onresolve [as oncomplete] (node:internal/dns/promises:291:17) {
  errno: undefined,
  code: 'ECONNREFUSED',
  syscall: 'querySrv',
  hostname: '_mongodb._tcp.cluster0.3znig.mongodb.net'
}
listening on on port 9000
database connection established
